2025-07-14 02:26:52 [INFO] process_photos: 游닌 Input path: /mnt/c/Users/harit/Documents/temp/Input Photos
2025-07-14 02:26:52 [INFO] process_photos: 游닋 Output path: /mnt/c/Users/harit/Documents/temp/output
2025-07-14 02:26:52 [INFO] process_photos: 游닇 Log file: /mnt/c/Users/harit/Documents/Visual Studio 2022/Demola/photo_post_processing/photo_processor.log
2025-07-14 02:26:52 [INFO] process_photos:
Select a processing type:
2025-07-14 02:26:52 [INFO] process_photos:
  No.  Name                  Type     Description
-----  --------------------  -------  ---------------------------------------
    1  portrait_subtle       Preset   Subtle portrait enhancement
    2  portrait_natural      Preset   Natural look for portraits
    3  portrait_dramatic     Preset   Dramatic lighting for portraits
    4  studio_portrait       Preset   Studio-style portrait finish
    5  overexposed_recovery  Preset   Recover details from overexposed images
    6  natural_wildlife      Preset   Enhance wildlife/nature shots
    7  sports_action         Preset   Sharpen and brighten action shots
    8  enhanced_mode         Preset   General enhancement for all photos
    9  resize_only           Utility  Resize to target resolutions only
   10  resize_watermark      Utility  Resize and add watermark
   11  watermark             Utility  Add watermark only
2025-07-14 02:26:53 [INFO] process_photos: Selected processing type: portrait_natural
2025-07-14 02:49:12 [INFO] cli: 游닌 Input path: /mnt/c/Users/harit/Documents/temp/Input Photos
2025-07-14 02:49:12 [INFO] cli: 游닋 Output path: /mnt/c/Users/harit/Documents/temp/output
2025-07-14 02:49:12 [INFO] cli: 游닇 Log file: /mnt/c/Users/harit/Documents/Visual Studio 2022/Demola/photo_post_processing/photo_processor.log
2025-07-14 02:49:12 [INFO] cli:
Select a processing type:
2025-07-14 02:49:12 [INFO] cli:
  No.  Name                  Type     Description
-----  --------------------  -------  ---------------------------------------
    1  portrait_subtle       Preset   Subtle portrait enhancement
    2  portrait_natural      Preset   Natural look for portraits
    3  portrait_dramatic     Preset   Dramatic lighting for portraits
    4  studio_portrait       Preset   Studio-style portrait finish
    5  overexposed_recovery  Preset   Recover details from overexposed images
    6  natural_wildlife      Preset   Enhance wildlife/nature shots
    7  sports_action         Preset   Sharpen and brighten action shots
    8  enhanced_mode         Preset   General enhancement for all photos
    9  resize_only           Utility  Resize to target resolutions only
   10  resize_watermark      Utility  Resize and add watermark
   11  watermark             Utility  Add watermark only
2025-07-14 02:49:17 [INFO] cli: Selected processing type: portrait_natural
2025-07-14 12:18:07 [INFO] cli: 游닌 Input path: /mnt/c/Users/harit/Documents/temp/Input Photos
2025-07-14 12:18:07 [INFO] cli: 游닋 Output path: /mnt/c/Users/harit/Documents/temp/output
2025-07-14 12:18:07 [INFO] cli: 游닇 Log file: /mnt/c/Users/harit/Documents/Visual Studio 2022/Demola/photo_post_processing/photo_processor.log
2025-07-14 12:18:07 [INFO] cli:
Select a processing type:
2025-07-14 12:18:07 [INFO] cli:
  No.  Name                  Type     Description
-----  --------------------  -------  ---------------------------------------
    1  portrait_subtle       Preset   Subtle portrait enhancement
    2  portrait_natural      Preset   Natural look for portraits
    3  portrait_dramatic     Preset   Dramatic lighting for portraits
    4  studio_portrait       Preset   Studio-style portrait finish
    5  overexposed_recovery  Preset   Recover details from overexposed images
    6  natural_wildlife      Preset   Enhance wildlife/nature shots
    7  sports_action         Preset   Sharpen and brighten action shots
    8  enhanced_mode         Preset   General enhancement for all photos
    9  resize_only           Utility  Resize to target resolutions only
   10  resize_watermark      Utility  Resize and add watermark
   11  watermark             Utility  Add watermark only
2025-07-14 12:18:10 [INFO] cli: Selected processing type: portrait_dramatic
2025-07-14 12:18:25 [INFO] cli: 游닌 Input path: /mnt/c/Users/harit/Documents/temp/Input Photos
2025-07-14 12:18:25 [INFO] cli: 游닋 Output path: /mnt/c/Users/harit/Documents/temp/output
2025-07-14 12:18:25 [INFO] cli: 游닇 Log file: /mnt/c/Users/harit/Documents/Visual Studio 2022/Demola/photo_post_processing/photo_processor.log
2025-07-14 12:18:25 [INFO] cli:
Select a processing type:
2025-07-14 12:18:25 [INFO] cli:
  No.  Name                  Type     Description
-----  --------------------  -------  ---------------------------------------
    1  portrait_subtle       Preset   Subtle portrait enhancement
    2  portrait_natural      Preset   Natural look for portraits
    3  portrait_dramatic     Preset   Dramatic lighting for portraits
    4  studio_portrait       Preset   Studio-style portrait finish
    5  overexposed_recovery  Preset   Recover details from overexposed images
    6  natural_wildlife      Preset   Enhance wildlife/nature shots
    7  sports_action         Preset   Sharpen and brighten action shots
    8  enhanced_mode         Preset   General enhancement for all photos
    9  resize_only           Utility  Resize to target resolutions only
   10  resize_watermark      Utility  Resize and add watermark
   11  watermark             Utility  Add watermark only
2025-07-14 12:18:29 [INFO] cli: Selected processing type: resize_watermark
2025-07-14 12:44:45 [INFO] cli: 游닌 Input path: /mnt/c/Users/harit/Documents/temp/Input Photos
2025-07-14 12:44:45 [INFO] cli: 游닋 Output path: /mnt/c/Users/harit/Documents/temp/output
2025-07-14 12:44:45 [INFO] cli: 游닇 Log file: /mnt/c/Users/harit/Documents/Visual Studio 2022/Demola/photo_post_processing/photo_processor.log
2025-07-14 12:44:45 [INFO] cli:
Select a processing type:
2025-07-14 12:44:45 [INFO] cli:
  No.  Name                  Type     Description
-----  --------------------  -------  ---------------------------------------
    1  portrait_subtle       Preset   Subtle portrait enhancement
    2  portrait_natural      Preset   Natural look for portraits
    3  portrait_dramatic     Preset   Dramatic lighting for portraits
    4  studio_portrait       Preset   Studio-style portrait finish
    5  overexposed_recovery  Preset   Recover details from overexposed images
    6  natural_wildlife      Preset   Enhance wildlife/nature shots
    7  sports_action         Preset   Sharpen and brighten action shots
    8  enhanced_mode         Preset   General enhancement for all photos
    9  resize_only           Utility  Resize to target resolutions only
   10  resize_watermark      Utility  Resize and add watermark
   11  watermark             Utility  Add watermark only
2025-07-14 12:47:35 [INFO] cli: Selected processing type: resize_only
